C51 COMPILER V9.60.0.0   EXP8_POLLING                                                      11/09/2020 19:40:01 PAGE 1   


C51 COMPILER V9.60.0.0, COMPILATION OF MODULE EXP8_POLLING
OBJECT MODULE PLACED IN .\Objects\exp8_polling.obj
COMPILER INVOKED BY: D:\Keil_v5\C51\BIN\C51.EXE exp8_polling.c OPTIMIZE(8,SPEED) BROWSE DEBUG OBJECTEXTEND PRINT(.\Listi
                    -ngs\exp8_polling.lst) TABS(2) OBJECT(.\Objects\exp8_polling.obj)

line level    source

   1          #include "regx51.h"
   2          
   3          void init_uart();
   4          char recivevalue;
   5          
   6          void main(){
   7   1        init_uart();
   8   1        while(1){
   9   2          if(RI == 1)
  10   2          {
  11   3            RI = 0;
  12   3            recivevalue = SBUF;
  13   3            P1 = recivevalue;
  14   3            if(recivevalue == 'p')
  15   3            {
  16   4              SBUF = recivevalue;
  17   4            }
  18   3          }
  19   2          
  20   2          if(TI == 1){
  21   3            TI = 0;
  22   3          }
  23   2        }
  24   1      }
  25          
  26          void init_uart(void){
  27   1        SCON = 0x50;
  28   1        TMOD = 0x20;
  29   1        TH1 = 0xE6;
  30   1        TR1 = 1;
  31   1      }


MODULE INFORMATION:   STATIC OVERLAYABLE
   CODE SIZE        =     40    ----
   CONSTANT SIZE    =   ----    ----
   XDATA SIZE       =   ----    ----
   PDATA SIZE       =   ----    ----
   DATA SIZE        =      1    ----
   IDATA SIZE       =   ----    ----
   BIT SIZE         =   ----    ----
END OF MODULE INFORMATION.


C51 COMPILATION COMPLETE.  0 WARNING(S),  0 ERROR(S)
