A51 MACRO ASSEMBLER  EXP7_ADVANCED                                                        11/03/2020 17:58:41 PAGE     1


MACRO ASSEMBLER A51 V8.2.7.0
OBJECT MODULE PLACED IN .\Objects\exp7_advanced.obj
ASSEMBLER INVOKED BY: D:\Keil_v5\C51\BIN\A51.EXE exp7_advanced.A51 SET(SMALL) DEBUG PRINT(.\Listings\exp7_advanced.lst) 
                      OBJECT(.\Objects\exp7_advanced.obj) EP

LOC  OBJ            LINE     SOURCE

0000                   1                             ORG                     0
0000 8003              2                             SJMP            MAIN
0003                   3                             ORG                     03H
0003 800B              4                             SJMP            INT0_ISR
0005 78FC              5     MAIN:           MOV                     R0, #11111100B
0007 75A881            6                             MOV                     IE, #10000001B
000A 7400              7                             MOV                     A, #00000000B
000C 8890              8     LOOP:           MOV                     P1, R0  
000E 80FC              9                             SJMP            LOOP
0010 C0D0             10     INT0_ISR:       PUSH            PSW
0012 C0E0             11                             PUSH            ACC
0014 8890             12                             MOV                     P1, R0
0016 7902             13                             MOV                     R1, #2
0018 7AFA             14     D1:                     MOV                     R2, #250
001A 7BFA             15     D2:                     MOV                     R3, #250
001C DBFE             16                             DJNZ            R3, $
001E DAFA             17                             DJNZ            R2, D2
0020 D9F6             18                             DJNZ            R1, D1
0022 E8               19                             MOV                     A, R0
0023 23               20                             RL                      A
0024 F8               21                             MOV                     R0, A
0025 D0E0             22                             POP                     ACC
0027 D0D0             23                             POP                     PSW
0029 32               24                             RETI
                      25                             END
A51 MACRO ASSEMBLER  EXP7_ADVANCED                                                        11/03/2020 17:58:41 PAGE     2

SYMBOL TABLE LISTING
------ ----- -------


N A M E             T Y P E  V A L U E   ATTRIBUTES

ACC. . . . . . . .  D ADDR   00E0H   A   
D1 . . . . . . . .  C ADDR   0018H   A   
D2 . . . . . . . .  C ADDR   001AH   A   
IE . . . . . . . .  D ADDR   00A8H   A   
INT0_ISR . . . . .  C ADDR   0010H   A   
LOOP . . . . . . .  C ADDR   000CH   A   
MAIN . . . . . . .  C ADDR   0005H   A   
P1 . . . . . . . .  D ADDR   0090H   A   
PSW. . . . . . . .  D ADDR   00D0H   A   


REGISTER BANK(S) USED: 0 


ASSEMBLY COMPLETE.  0 WARNING(S), 0 ERROR(S)
