C51 COMPILER V9.60.0.0   EXP10                                                             12/22/2020 17:46:06 PAGE 1   


C51 COMPILER V9.60.0.0, COMPILATION OF MODULE EXP10
OBJECT MODULE PLACED IN .\Objects\exp10.obj
COMPILER INVOKED BY: D:\Keil_v5\C51\BIN\C51.EXE ..\exp10\exp10.c OPTIMIZE(8,SPEED) BROWSE DEBUG OBJECTEXTEND PRINT(.\Lis
                    -tings\exp10.lst) TABS(2) OBJECT(.\Objects\exp10.obj)

line level    source

   1          #include "regx51.h"
   2          
   3          //code char LCD_pos_1st[] = {0x80,0x81,0x82,0x83,0x84,0x85,0x86,0x87,0x88,0x89,0x8A,0x8B,0x8C,0x8D,0x8E,0x
             -8F};
   4          
   5          void print_msg(char msg);
   6          void write(char cmd, char rs_value);
   7          void delay(unsigned int t);
   8          
   9          int num = 0;
  10          
  11          void main(){
  12   1        write(0x38, 0);
  13   1        write(0x0E, 0);
  14   1        write(0x06, 0);
  15   1        write(0x01, 0);
  16   1        while(1){
  17   2          write(0xC0, 0);
  18   2          if(num < 10)
  19   2            print_msg(num+'0');
  20   2          else if(num < 100){
  21   3            print_msg(num/10+'0');
  22   3            print_msg(num%10+'0');
  23   3          }
  24   2          else{
  25   3            print_msg(num/100+'0');
  26   3            print_msg(num/10+'0');
  27   3            print_msg(num%10+'0');
  28   3          }
  29   2          num++;
  30   2          delay(10000);
  31   2        }
  32   1      }
  33          
  34          void print_msg(char msg){
  35   1          write(msg, 1);
  36   1      }
  37          
  38          void write(char cmd, char rs_value){
  39   1        P1 = cmd;
  40   1        P3_0 = rs_value;
  41   1        P3_1 = 1;
  42   1        delay(100);
  43   1        P3_1 = 0;
  44   1        delay(100);
  45   1      }
  46          
  47          void delay(unsigned int t){
  48   1        while(t--);
  49   1      }


MODULE INFORMATION:   STATIC OVERLAYABLE
   CODE SIZE        =    172    ----
C51 COMPILER V9.60.0.0   EXP10                                                             12/22/2020 17:46:06 PAGE 2   

   CONSTANT SIZE    =   ----    ----
   XDATA SIZE       =   ----    ----
   PDATA SIZE       =   ----    ----
   DATA SIZE        =      2    ----
   IDATA SIZE       =   ----    ----
   BIT SIZE         =   ----    ----
END OF MODULE INFORMATION.


C51 COMPILATION COMPLETE.  0 WARNING(S),  0 ERROR(S)
