C51 COMPILER V9.60.0.0   FINAL                                                             12/22/2020 19:03:47 PAGE 1   


C51 COMPILER V9.60.0.0, COMPILATION OF MODULE FINAL
OBJECT MODULE PLACED IN .\Objects\final.obj
COMPILER INVOKED BY: D:\Keil_v5\C51\BIN\C51.EXE final.c OPTIMIZE(8,SPEED) BROWSE DEBUG OBJECTEXTEND PRINT(.\Listings\fin
                    -al.lst) TABS(2) OBJECT(.\Objects\final.obj)

line level    source

   1          #include "regx51.h"
   2          
   3          int i = 0;
   4          
   5          void print_msg(char msg);
   6          void write(char cmd, char rs_value);
   7          void delay(unsigned int t);
   8          
   9          void main(){
  10   1        write(0x38, 0);                       //功能設定8位元、2行、5x7字型
  11   1        write(0x0F, 0);                       //顯示器設定開啟、有游標(會閃爍)
  12   1        write(0x06, 0);                       //資料輸入LCD時，游標右移一格、顯示器不動
  13   1        write(0x01, 0);                       //清除顯示器
  14   1        write(0x80, 0);                       //DDRAM位址設定00H
  15   1        while(1){
  16   2          i++;
  17   2          if(i == 10000)
  18   2            i = 0;
  19   2          if(P2_0 == 0){
  20   3            write(0x01, 0);
  21   3            print_msg(i + "0");
*** WARNING C214 IN LINE 21 OF final.c: 'Argument': conversion: pointer to non-pointer
  22   3          }
  23   2        }
  24   1      }
  25          
  26          void print_msg(char msg){
  27   1          write(msg, 1);
  28   1      }
  29          
  30          void write(char cmd, char rs_value){
  31   1        P1 = cmd;
  32   1        P3_0 = rs_value;
  33   1        P3_1 = 1;
  34   1        delay(1000);
  35   1        P3_1 = 0;
  36   1        delay(1000);
  37   1      }
  38          
  39          void delay(unsigned int t){
  40   1        while(t--);
  41   1      }


MODULE INFORMATION:   STATIC OVERLAYABLE
   CODE SIZE        =    123    ----
   CONSTANT SIZE    =      2    ----
   XDATA SIZE       =   ----    ----
   PDATA SIZE       =   ----    ----
   DATA SIZE        =      2    ----
   IDATA SIZE       =   ----    ----
   BIT SIZE         =   ----    ----
END OF MODULE INFORMATION.


C51 COMPILATION COMPLETE.  1 WARNING(S),  0 ERROR(S)
