C51 COMPILER V9.60.0.0   EXP11                                                             12/08/2020 16:56:16 PAGE 1   


C51 COMPILER V9.60.0.0, COMPILATION OF MODULE EXP11
OBJECT MODULE PLACED IN .\Objects\exp11.obj
COMPILER INVOKED BY: D:\Keil_v5\C51\BIN\C51.EXE exp11.c OPTIMIZE(8,SPEED) BROWSE DEBUG OBJECTEXTEND PRINT(.\Listings\exp
                    -11.lst) TABS(2) OBJECT(.\Objects\exp11.obj)

line level    source

   1          #include "regx51.h"
   2          void delay(int t);
   3          void turn();
   4          
   5          code char one_phase[] = {0x01, 0x04, 0x02, 0x08};
   6          code char two_phase[] = {0x0C, 0x06, 0x03, 0x09};
   7          int dir, delay_time;
   8          
   9          void main(){
  10   1        delay_time = 3000;
  11   1        dir = 1;
  12   1        while(1){
  13   2          turn();
  14   2        }
  15   1      }
  16          
  17          void turn(){
  18   1        int x;
  19   1        if(dir == 1){
  20   2          for(x=0; x<4; x++){
  21   3            P1 = one_phase[x];
  22   3            delay(delay_time);
  23   3          }
  24   2        }
  25   1        else{
  26   2          for(x=0; x<4; x++){
  27   3            P1 = two_phase[x];
  28   3            delay(delay_time);
  29   3          }
  30   2        }
  31   1      }
  32          
  33          void delay(int t){
  34   1        int x;
  35   1        for(x=0; x<t; x++);
  36   1      }


MODULE INFORMATION:   STATIC OVERLAYABLE
   CODE SIZE        =    132    ----
   CONSTANT SIZE    =      8    ----
   XDATA SIZE       =   ----    ----
   PDATA SIZE       =   ----    ----
   DATA SIZE        =      4       2
   IDATA SIZE       =   ----    ----
   BIT SIZE         =   ----    ----
END OF MODULE INFORMATION.


C51 COMPILATION COMPLETE.  0 WARNING(S),  0 ERROR(S)
