A51 MACRO ASSEMBLER  DIRECT_ADDRESSING                                                    10/13/2020 12:43:09 PAGE     1


MACRO ASSEMBLER A51 V8.2.7.0
OBJECT MODULE PLACED IN .\Objects\Direct_Addressing.obj
ASSEMBLER INVOKED BY: D:\Keil_v5\C51\BIN\A51.EXE Direct_Addressing.A51 SET(SMALL) DEBUG PRINT(.\Listings\Direct_Addressi
                      ng.lst) OBJECT(.\Objects\Direct_Addressing.obj) EP

LOC  OBJ            LINE     SOURCE

0000                   1                             ORG     0000h
0000 802E              2                             JMP     LOOP
0030                   3                             ORG     0030h
0030 758132            4     LOOP:           MOV     SP, #32H
0033 74FE              5                             MOV     A, #0xFE
0035 F5A0              6                             MOV     P2, A
0037 D290              7                             SETB    P1.0
0039 7808              8                             MOV     R0, #8d
003B 309002            9                             JNB     P1.0, MARQUEE
003E 80F0             10                             JMP     LOOP
0040 C000             11     MARQUEE:        PUSH    00h
0042 78FA             12                             MOV     R0, #250d
0044 114F             13                             CALL    DELAY1
0046 D000             14                             POP     00h
0048 23               15                             RL              A
0049 F5A0             16                             MOV             P2, A
004B D8F3             17                             DJNZ    R0, MARQUEE
004D 80E1             18                             JMP             LOOP
004F C000             19     DELAY1:         PUSH    00h
0051 78FA             20                             MOV     R0, #250d
0053 115A             21                             CALL    DELAY2
0055 D000             22                             POP     00h
0057 D8F6             23                             DJNZ    R0, DELAY1
0059 22               24                             RET
005A D8FE             25     DELAY2:         DJNZ R0, DELAY2
005C 22               26                             RET
                      27                             END
A51 MACRO ASSEMBLER  DIRECT_ADDRESSING                                                    10/13/2020 12:43:09 PAGE     2

SYMBOL TABLE LISTING
------ ----- -------


N A M E             T Y P E  V A L U E   ATTRIBUTES

DELAY1 . . . . . .  C ADDR   004FH   A   
DELAY2 . . . . . .  C ADDR   005AH   A   
LOOP . . . . . . .  C ADDR   0030H   A   
MARQUEE. . . . . .  C ADDR   0040H   A   
P1 . . . . . . . .  D ADDR   0090H   A   
P2 . . . . . . . .  D ADDR   00A0H   A   
SP . . . . . . . .  D ADDR   0081H   A   


REGISTER BANK(S) USED: 0 


ASSEMBLY COMPLETE.  0 WARNING(S), 0 ERROR(S)
