C51 COMPILER V9.60.0.0   EXP9                                                              11/24/2020 17:43:35 PAGE 1   


C51 COMPILER V9.60.0.0, COMPILATION OF MODULE EXP9
OBJECT MODULE PLACED IN .\Objects\exp9.obj
COMPILER INVOKED BY: D:\Keil_v5\C51\BIN\C51.EXE exp9.c OPTIMIZE(8,SPEED) BROWSE DEBUG OBJECTEXTEND PRINT(.\Listings\exp9
                    -.lst) TABS(2) OBJECT(.\Objects\exp9.obj)

line level    source

   1          #include "regx51.h"
   2          
   3          void main(){
   4   1        IT0 = 0;              //
   5   1        EX0 = 1;              //
   6   1        EA = 1;               //
   7   1        P3 &= 0xEF;           //WR(P3.4) = 0, ADC start operate
   8   1        P3 |= 0x10;           //WR(P3.4) = 1, ADC stop operate
   9   1        while(1){ }           //infinite loop
  10   1      }
  11          
  12          void int_0(void) interrupt 0{
  13   1        P3 &= 0xDF;           //RD(P3.5) = 0, start loading Data
  14   1        P2_0 = (P1 <= (256/9)*1);
  15   1        P2_1 = (P1 < (256/9)*2);
  16   1        P2_2 = (P1 < (256/9)*3);
  17   1        P2_3 = (P1 < (256/9)*4);
  18   1        P2_4 = (P1 < (256/9)*5);
  19   1        P2_5 = (P1 < (256/9)*6);
  20   1        P2_6 = (P1 < (256/9)*7);
  21   1        P2_7 = (P1 <= (256/9)*8);
  22   1        P3 |= 0x20;           //RD(P3.5) = 1, stop loading Data
  23   1        P3 &= 0xEF;
  24   1        P3 |= 0x10;           //WR(P3.4) = 1
  25   1      }


MODULE INFORMATION:   STATIC OVERLAYABLE
   CODE SIZE        =    178    ----
   CONSTANT SIZE    =   ----    ----
   XDATA SIZE       =   ----    ----
   PDATA SIZE       =   ----    ----
   DATA SIZE        =   ----    ----
   IDATA SIZE       =   ----    ----
   BIT SIZE         =   ----    ----
END OF MODULE INFORMATION.


C51 COMPILATION COMPLETE.  0 WARNING(S),  0 ERROR(S)
