C51 COMPILER V9.60.0.0   EXP12                                                             12/15/2020 15:34:27 PAGE 1   


C51 COMPILER V9.60.0.0, COMPILATION OF MODULE EXP12
OBJECT MODULE PLACED IN .\Objects\exp12.obj
COMPILER INVOKED BY: D:\Keil_v5\C51\BIN\C51.EXE exp12.c OPTIMIZE(8,SPEED) BROWSE DEBUG OBJECTEXTEND PRINT(.\Listings\exp
                    -12.lst) TABS(2) OBJECT(.\Objects\exp12.obj)

line level    source

   1          #include <regx51.h>
   2          
   3          void delay(unsigned int t);
   4          
   5          void main(){
   6   1        while(1){
   7   2          P2_0 = 0;
   8   2          delay(50000);
   9   2          P2_0 = 1;
  10   2          delay(50000);
  11   2        }
  12   1      }
  13          
  14          void delay(unsigned int t){
  15   1        while(t--);
  16   1      }


MODULE INFORMATION:   STATIC OVERLAYABLE
   CODE SIZE        =     31    ----
   CONSTANT SIZE    =   ----    ----
   XDATA SIZE       =   ----    ----
   PDATA SIZE       =   ----    ----
   DATA SIZE        =   ----    ----
   IDATA SIZE       =   ----    ----
   BIT SIZE         =   ----    ----
END OF MODULE INFORMATION.


C51 COMPILATION COMPLETE.  0 WARNING(S),  0 ERROR(S)
